<?xml version="1.0" encoding="UTF-8"?>
<testsuite name="com.alex.miruta2017.test.parada.UsuarioTest" time="0.058" tests="1" errors="0" skipped="0" failures="1">
  <properties>
[...]
</properties>
  <testcase name="test" classname="com.alex.miruta2017.test.parada.UsuarioTest" time="0.058">
    <failure message="&#10;Expected size:&lt;2&gt; but was:&lt;4&gt; in:&#10;&lt;[Usuario lider, mail=mailLider,&#10;    Usuario alex, mail=mail,&#10;    Usuario lider, mail=mailLider,&#10;    Usuario alex, mail=mail]&gt;" type="java.lang.AssertionError"><![CDATA[java.lang.AssertionError: 
Expected size:<2> but was:<4> in:
<[Usuario lider, mail=mailLider,
    Usuario alex, mail=mail,
    Usuario lider, mail=mailLider,
    Usuario alex, mail=mail]>
	at com.alex.miruta2017.test.parada.UsuarioTest.test(UsuarioTest.java:53)
]]></failure>
    <system-out><![CDATA[2018-01-12 00:50:24.803  INFO 8154 --- [           main] o.s.t.c.support.AbstractContextLoader    : Could not detect default resource locations for test class [com.alex.miruta2017.test.parada.UsuarioTest]: no resource found for suffixes {-context.xml, Context.groovy}.
2018-01-12 00:50:24.818  INFO 8154 --- [           main] .b.t.c.SpringBootTestContextBootstrapper : Loaded default TestExecutionListener class names from location [META-INF/spring.factories]: [org.springframework.boot.test.mock.mockito.MockitoTestExecutionListener, org.springframework.boot.test.mock.mockito.ResetMocksTestExecutionListener, org.springframework.boot.test.autoconfigure.restdocs.RestDocsTestExecutionListener, org.springframework.boot.test.autoconfigure.web.client.MockRestServiceServerResetTestExecutionListener, org.springframework.boot.test.autoconfigure.web.servlet.MockMvcPrintOnlyOnFailureTestExecutionListener, org.springframework.boot.test.autoconfigure.web.servlet.WebDriverTestExecutionListener, org.springframework.test.context.web.ServletTestExecutionListener, org.springframework.test.context.support.DirtiesContextBeforeModesTestExecutionListener, org.springframework.test.context.support.DependencyInjectionTestExecutionListener, org.springframework.test.context.support.DirtiesContextTestExecutionListener, org.springframework.test.context.transaction.TransactionalTestExecutionListener, org.springframework.test.context.jdbc.SqlScriptsTestExecutionListener]
2018-01-12 00:50:24.831  INFO 8154 --- [           main] .b.t.c.SpringBootTestContextBootstrapper : Could not instantiate TestExecutionListener [org.springframework.test.context.web.ServletTestExecutionListener]. Specify custom listener classes or make the default listener classes (and their required dependencies) available. Offending class: [javax/servlet/ServletContext]
2018-01-12 00:50:24.834  INFO 8154 --- [           main] .b.t.c.SpringBootTestContextBootstrapper : Using TestExecutionListeners: [org.springframework.test.context.support.DirtiesContextBeforeModesTestExecutionListener@51e3d37e, org.springframework.boot.test.autoconfigure.SpringBootDependencyInjectionTestExecutionListener@3a479fda, org.springframework.test.context.support.DirtiesContextTestExecutionListener@8a6631b, org.springframework.test.context.transaction.TransactionalTestExecutionListener@472d0f4, org.springframework.test.context.jdbc.SqlScriptsTestExecutionListener@4bc59b27, org.springframework.boot.test.autoconfigure.web.servlet.MockMvcPrintOnlyOnFailureTestExecutionListener@4d7a64ca, org.springframework.boot.test.mock.mockito.MockitoTestExecutionListener@76ff68c5, org.springframework.boot.test.autoconfigure.web.client.MockRestServiceServerResetTestExecutionListener@6418e39e, org.springframework.boot.test.autoconfigure.web.servlet.WebDriverTestExecutionListener@3635099, org.springframework.boot.test.autoconfigure.restdocs.RestDocsTestExecutionListener@1da1380b, org.springframework.boot.test.mock.mockito.ResetMocksTestExecutionListener@1095d23a]

  .   ____          _            __ _ _
 /\\ / ___'_ __ _ _(_)_ __  __ _ \ \ \ \
( ( )\___ | '_ | '_| | '_ \/ _` | \ \ \ \
 \\/  ___)| |_)| | | | | || (_| |  ) ) ) )
  '  |____| .__|_| |_|_| |_\__, | / / / /
 =========|_|==============|___/=/_/_/_/
 :: Spring Boot ::        (v1.5.7.RELEASE)

2018-01-12 00:50:24.981  INFO 8154 --- [           main] c.a.miruta2017.test.parada.UsuarioTest   : Starting UsuarioTest on alextc6-X45A with PID 8154 (started by alextc6 in /home/alextc6/NetBeansProjects/MiRuta_2017)
2018-01-12 00:50:24.985  INFO 8154 --- [           main] c.a.miruta2017.test.parada.UsuarioTest   : No active profile set, falling back to default profiles: default
2018-01-12 00:50:24.990  INFO 8154 --- [           main] s.c.a.AnnotationConfigApplicationContext : Refreshing org.springframework.context.annotation.AnnotationConfigApplicationContext@5c53f292: startup date [Fri Jan 12 00:50:24 ART 2018]; root of context hierarchy
2018-01-12 00:50:25.150  INFO 8154 --- [           main] o.s.j.d.DriverManagerDataSource          : Loaded JDBC driver: org.postgresql.Driver
2018-01-12 00:50:25.166  INFO 8154 --- [           main] j.LocalContainerEntityManagerFactoryBean : Building JPA container EntityManagerFactory for persistence unit 'default'
2018-01-12 00:50:25.167  INFO 8154 --- [           main] o.hibernate.jpa.internal.util.LogHelper  : HHH000204: Processing PersistenceUnitInfo [
	name: default
	...]
2018-01-12 00:50:25.178  INFO 8154 --- [           main] org.hibernate.dialect.Dialect            : HHH000400: Using dialect: org.hibernate.dialect.PostgreSQL92Dialect
2018-01-12 00:50:25.253  INFO 8154 --- [           main] o.h.e.j.e.i.LobCreatorBuilderImpl        : HHH000424: Disabling contextual LOB creation as createClob() method threw error : java.lang.reflect.InvocationTargetException
2018-01-12 00:50:25.256  INFO 8154 --- [           main] org.hibernate.type.BasicTypeRegistry     : HHH000270: Type registration [java.util.UUID] overrides previous : org.hibernate.type.UUIDBinaryType@778ca8ef
2018-01-12 00:50:25.360  WARN 8154 --- [           main] o.h.j.i.EntityManagerFactoryRegistry     : HHH000436: Entity manager factory name (default) is already registered.  If entity manager will be clustered or passivated, specify a unique value for property 'hibernate.ejb.entitymanager_factory_name'
2018-01-12 00:50:25.361  INFO 8154 --- [           main] j.LocalContainerEntityManagerFactoryBean : Initialized JPA EntityManagerFactory for persistence unit 'default'
2018-01-12 00:50:25.577  INFO 8154 --- [           main] c.a.miruta2017.test.parada.UsuarioTest   : Started UsuarioTest in 0.72 seconds (JVM running for 13.015)
2018-01-12 00:50:25.587  INFO 8154 --- [           main] o.h.h.i.QueryTranslatorFactoryInitiator  : HHH000397: Using ASTQueryTranslatorFactory
Usuario encontrado: Usuario lider, mail=mailLider
Usuario encontrado: Usuario alex, mail=mail
Usuario encontrado: Usuario lider, mail=mailLider
Usuario encontrado: Usuario alex, mail=mail
]]></system-out>
  </testcase>
</testsuite>